Copyright 1986-2018 Xilinx, Inc. All Rights Reserved.
-----------------------------------------------------------------------------------------------------------------------------------------------
| Tool Version : Vivado v.2018.3 (win64) Build 2405991 Thu Dec  6 23:38:27 MST 2018
| Date         : Thu Sep 21 16:40:16 2023
| Host         : B504_PC002 running 64-bit major release  (build 9200)
| Command      : report_methodology -file hw1_methodology_drc_routed.rpt -pb hw1_methodology_drc_routed.pb -rpx hw1_methodology_drc_routed.rpx
| Design       : hw1
| Device       : xc7z020clg484-3
| Speed File   : -3
| Design State : Fully Routed
-----------------------------------------------------------------------------------------------------------------------------------------------

Report Methodology

Table of Contents
-----------------
1. REPORT SUMMARY
2. REPORT DETAILS

1. REPORT SUMMARY
-----------------
            Netlist: netlist
          Floorplan: design_1
      Design limits: <entire design considered>
             Max violations: <unlimited>
             Violations found: 34
+-----------+----------+-----------------------------+------------+
| Rule      | Severity | Description                 | Violations |
+-----------+----------+-----------------------------+------------+
| TIMING-17 | Warning  | Non-clocked sequential cell | 8          |
| TIMING-20 | Warning  | Non-clocked latch           | 26         |
+-----------+----------+-----------------------------+------------+

2. REPORT DETAILS
-----------------
TIMING-17#1 Warning
Non-clocked sequential cell  
The clock pin led_reg[0]/C is not reached by a timing clock
Related violations: <none>

TIMING-17#2 Warning
Non-clocked sequential cell  
The clock pin led_reg[1]/C is not reached by a timing clock
Related violations: <none>

TIMING-17#3 Warning
Non-clocked sequential cell  
The clock pin led_reg[2]/C is not reached by a timing clock
Related violations: <none>

TIMING-17#4 Warning
Non-clocked sequential cell  
The clock pin led_reg[3]/C is not reached by a timing clock
Related violations: <none>

TIMING-17#5 Warning
Non-clocked sequential cell  
The clock pin led_reg[4]/C is not reached by a timing clock
Related violations: <none>

TIMING-17#6 Warning
Non-clocked sequential cell  
The clock pin led_reg[5]/C is not reached by a timing clock
Related violations: <none>

TIMING-17#7 Warning
Non-clocked sequential cell  
The clock pin led_reg[6]/C is not reached by a timing clock
Related violations: <none>

TIMING-17#8 Warning
Non-clocked sequential cell  
The clock pin led_reg[7]/C is not reached by a timing clock
Related violations: <none>

TIMING-20#1 Warning
Non-clocked latch  
The latch clk_cnt_reg[0] cannot be properly analyzed as its control pin clk_cnt_reg[0]/G is not reached by a timing clock
Related violations: <none>

TIMING-20#2 Warning
Non-clocked latch  
The latch clk_cnt_reg[10] cannot be properly analyzed as its control pin clk_cnt_reg[10]/G is not reached by a timing clock
Related violations: <none>

TIMING-20#3 Warning
Non-clocked latch  
The latch clk_cnt_reg[11] cannot be properly analyzed as its control pin clk_cnt_reg[11]/G is not reached by a timing clock
Related violations: <none>

TIMING-20#4 Warning
Non-clocked latch  
The latch clk_cnt_reg[12] cannot be properly analyzed as its control pin clk_cnt_reg[12]/G is not reached by a timing clock
Related violations: <none>

TIMING-20#5 Warning
Non-clocked latch  
The latch clk_cnt_reg[13] cannot be properly analyzed as its control pin clk_cnt_reg[13]/G is not reached by a timing clock
Related violations: <none>

TIMING-20#6 Warning
Non-clocked latch  
The latch clk_cnt_reg[14] cannot be properly analyzed as its control pin clk_cnt_reg[14]/G is not reached by a timing clock
Related violations: <none>

TIMING-20#7 Warning
Non-clocked latch  
The latch clk_cnt_reg[15] cannot be properly analyzed as its control pin clk_cnt_reg[15]/G is not reached by a timing clock
Related violations: <none>

TIMING-20#8 Warning
Non-clocked latch  
The latch clk_cnt_reg[16] cannot be properly analyzed as its control pin clk_cnt_reg[16]/G is not reached by a timing clock
Related violations: <none>

TIMING-20#9 Warning
Non-clocked latch  
The latch clk_cnt_reg[17] cannot be properly analyzed as its control pin clk_cnt_reg[17]/G is not reached by a timing clock
Related violations: <none>

TIMING-20#10 Warning
Non-clocked latch  
The latch clk_cnt_reg[18] cannot be properly analyzed as its control pin clk_cnt_reg[18]/G is not reached by a timing clock
Related violations: <none>

TIMING-20#11 Warning
Non-clocked latch  
The latch clk_cnt_reg[19] cannot be properly analyzed as its control pin clk_cnt_reg[19]/G is not reached by a timing clock
Related violations: <none>

TIMING-20#12 Warning
Non-clocked latch  
The latch clk_cnt_reg[1] cannot be properly analyzed as its control pin clk_cnt_reg[1]/G is not reached by a timing clock
Related violations: <none>

TIMING-20#13 Warning
Non-clocked latch  
The latch clk_cnt_reg[20] cannot be properly analyzed as its control pin clk_cnt_reg[20]/G is not reached by a timing clock
Related violations: <none>

TIMING-20#14 Warning
Non-clocked latch  
The latch clk_cnt_reg[21] cannot be properly analyzed as its control pin clk_cnt_reg[21]/G is not reached by a timing clock
Related violations: <none>

TIMING-20#15 Warning
Non-clocked latch  
The latch clk_cnt_reg[22] cannot be properly analyzed as its control pin clk_cnt_reg[22]/G is not reached by a timing clock
Related violations: <none>

TIMING-20#16 Warning
Non-clocked latch  
The latch clk_cnt_reg[23] cannot be properly analyzed as its control pin clk_cnt_reg[23]/G is not reached by a timing clock
Related violations: <none>

TIMING-20#17 Warning
Non-clocked latch  
The latch clk_cnt_reg[24] cannot be properly analyzed as its control pin clk_cnt_reg[24]/G is not reached by a timing clock
Related violations: <none>

TIMING-20#18 Warning
Non-clocked latch  
The latch clk_cnt_reg[25] cannot be properly analyzed as its control pin clk_cnt_reg[25]/G is not reached by a timing clock
Related violations: <none>

TIMING-20#19 Warning
Non-clocked latch  
The latch clk_cnt_reg[2] cannot be properly analyzed as its control pin clk_cnt_reg[2]/G is not reached by a timing clock
Related violations: <none>

TIMING-20#20 Warning
Non-clocked latch  
The latch clk_cnt_reg[3] cannot be properly analyzed as its control pin clk_cnt_reg[3]/G is not reached by a timing clock
Related violations: <none>

TIMING-20#21 Warning
Non-clocked latch  
The latch clk_cnt_reg[4] cannot be properly analyzed as its control pin clk_cnt_reg[4]/G is not reached by a timing clock
Related violations: <none>

TIMING-20#22 Warning
Non-clocked latch  
The latch clk_cnt_reg[5] cannot be properly analyzed as its control pin clk_cnt_reg[5]/G is not reached by a timing clock
Related violations: <none>

TIMING-20#23 Warning
Non-clocked latch  
The latch clk_cnt_reg[6] cannot be properly analyzed as its control pin clk_cnt_reg[6]/G is not reached by a timing clock
Related violations: <none>

TIMING-20#24 Warning
Non-clocked latch  
The latch clk_cnt_reg[7] cannot be properly analyzed as its control pin clk_cnt_reg[7]/G is not reached by a timing clock
Related violations: <none>

TIMING-20#25 Warning
Non-clocked latch  
The latch clk_cnt_reg[8] cannot be properly analyzed as its control pin clk_cnt_reg[8]/G is not reached by a timing clock
Related violations: <none>

TIMING-20#26 Warning
Non-clocked latch  
The latch clk_cnt_reg[9] cannot be properly analyzed as its control pin clk_cnt_reg[9]/G is not reached by a timing clock
Related violations: <none>


